Read1 before filtering:
total reads: 34390469
total bases: 3439046900
Q20 bases: 3389843943(98.5693%)
Q30 bases: 3270174652(95.0896%)

Read2 before filtering:
total reads: 34390469
total bases: 3439046900
Q20 bases: 3394235316(98.697%)
Q30 bases: 3272219180(95.149%)

Read1 after filtering:
total reads: 34348199
total bases: 3434145672
Q20 bases: 3385270302(98.5768%)
Q30 bases: 3265743424(95.0962%)

Read2 after filtering:
total reads: 34348199
total bases: 3434145672
Q20 bases: 3389649714(98.7043%)
Q30 bases: 3267813059(95.1565%)

Filtering result:
reads passed filter: 68696398
reads failed due to low quality: 10
reads failed due to too many N: 70662
reads failed due to too short: 13868
reads with adapter trimmed: 101126
bases trimmed due to adapters: 2192652

Duplication rate: 19.4474%

Insert size peak (evaluated by paired-end reads): 169

JSON report: /gpfs01/home/alysl56/projects/DMSO_HepG2_RNAseq/qc_reports/with_DMSO/SRR26288229.json
HTML report: /gpfs01/home/alysl56/projects/DMSO_HepG2_RNAseq/qc_reports/with_DMSO/SRR26288229.html

fastp -i SRR26288229_1.fastq.gz -I SRR26288229_2.fastq.gz -o /gpfs01/home/alysl56/projects/DMSO_HepG2_RNAseq/raw_data/trimmed_data/with_DMSO/SRR26288229_1.trimmed.fastq.gz -O /gpfs01/home/alysl56/projects/DMSO_HepG2_RNAseq/raw_data/trimmed_data/with_DMSO/SRR26288229_2.trimmed.fastq.gz -q 20 -u 30 -n 5 -l 50 -w 1 -h /gpfs01/home/alysl56/projects/DMSO_HepG2_RNAseq/qc_reports/with_DMSO/SRR26288229.html -j /gpfs01/home/alysl56/projects/DMSO_HepG2_RNAseq/qc_reports/with_DMSO/SRR26288229.json 
fastp v0.22.0, time used: 777 seconds
Read1 before filtering:
total reads: 36539232
total bases: 3653923200
Q20 bases: 3600861352(98.5478%)
Q30 bases: 3461683320(94.7388%)

Read2 before filtering:
total reads: 36539232
total bases: 3653923200
Q20 bases: 3590900437(98.2752%)
Q30 bases: 3418130804(93.5469%)

Read1 after filtering:
total reads: 36494524
total bases: 3648801063
Q20 bases: 3596086563(98.5553%)
Q30 bases: 3457075245(94.7455%)

Read2 after filtering:
total reads: 36494524
total bases: 3648801063
Q20 bases: 3586123447(98.2822%)
Q30 bases: 3413590175(93.5537%)

Filtering result:
reads passed filter: 72989048
reads failed due to low quality: 2
reads failed due to too many N: 73752
reads failed due to too short: 15662
reads with adapter trimmed: 87318
bases trimmed due to adapters: 2251688

Duplication rate: 18.8835%

Insert size peak (evaluated by paired-end reads): 169

JSON report: /gpfs01/home/alysl56/projects/DMSO_HepG2_RNAseq/qc_reports/with_DMSO/SRR26288230.json
HTML report: /gpfs01/home/alysl56/projects/DMSO_HepG2_RNAseq/qc_reports/with_DMSO/SRR26288230.html

fastp -i SRR26288230_1.fastq.gz -I SRR26288230_2.fastq.gz -o /gpfs01/home/alysl56/projects/DMSO_HepG2_RNAseq/raw_data/trimmed_data/with_DMSO/SRR26288230_1.trimmed.fastq.gz -O /gpfs01/home/alysl56/projects/DMSO_HepG2_RNAseq/raw_data/trimmed_data/with_DMSO/SRR26288230_2.trimmed.fastq.gz -q 20 -u 30 -n 5 -l 50 -w 1 -h /gpfs01/home/alysl56/projects/DMSO_HepG2_RNAseq/qc_reports/with_DMSO/SRR26288230.html -j /gpfs01/home/alysl56/projects/DMSO_HepG2_RNAseq/qc_reports/with_DMSO/SRR26288230.json 
fastp v0.22.0, time used: 811 seconds
Read1 before filtering:
total reads: 36189778
total bases: 3618977800
Q20 bases: 3568668832(98.6099%)
Q30 bases: 3445436439(95.2047%)

Read2 before filtering:
total reads: 36189778
total bases: 3618977800
Q20 bases: 3568136392(98.5951%)
Q30 bases: 3433606377(94.8778%)

Read1 after filtering:
total reads: 36067827
total bases: 3606103044
Q20 bases: 3556635343(98.6282%)
Q30 bases: 3433776474(95.2213%)

Read2 after filtering:
total reads: 36067827
total bases: 3606103044
Q20 bases: 3556318219(98.6194%)
Q30 bases: 3422262339(94.902%)

Filtering result:
reads passed filter: 72135654
reads failed due to low quality: 12
reads failed due to too many N: 230292
reads failed due to too short: 13598
reads with adapter trimmed: 102818
bases trimmed due to adapters: 2186674

Duplication rate: 21.3161%

Insert size peak (evaluated by paired-end reads): 169

JSON report: /gpfs01/home/alysl56/projects/DMSO_HepG2_RNAseq/qc_reports/with_DMSO/SRR26298244.json
HTML report: /gpfs01/home/alysl56/projects/DMSO_HepG2_RNAseq/qc_reports/with_DMSO/SRR26298244.html

fastp -i SRR26298244_1.fastq.gz -I SRR26298244_2.fastq.gz -o /gpfs01/home/alysl56/projects/DMSO_HepG2_RNAseq/raw_data/trimmed_data/with_DMSO/SRR26298244_1.trimmed.fastq.gz -O /gpfs01/home/alysl56/projects/DMSO_HepG2_RNAseq/raw_data/trimmed_data/with_DMSO/SRR26298244_2.trimmed.fastq.gz -q 20 -u 30 -n 5 -l 50 -w 1 -h /gpfs01/home/alysl56/projects/DMSO_HepG2_RNAseq/qc_reports/with_DMSO/SRR26298244.html -j /gpfs01/home/alysl56/projects/DMSO_HepG2_RNAseq/qc_reports/with_DMSO/SRR26298244.json 
fastp v0.22.0, time used: 823 seconds
Read1 before filtering:
total reads: 33163100
total bases: 3316310000
Q20 bases: 3269644406(98.5928%)
Q30 bases: 3146736640(94.8867%)

Read2 before filtering:
total reads: 33163100
total bases: 3316310000
Q20 bases: 3251438753(98.0439%)
Q30 bases: 3079508466(92.8595%)

Read1 after filtering:
total reads: 33054666
total bases: 3304905387
Q20 bases: 3258990763(98.6107%)
Q30 bases: 3136441193(94.9026%)

Read2 after filtering:
total reads: 33054666
total bases: 3304905387
Q20 bases: 3241010181(98.0667%)
Q30 bases: 3069632163(92.8811%)

Filtering result:
reads passed filter: 66109332
reads failed due to low quality: 2
reads failed due to too many N: 203544
reads failed due to too short: 13322
reads with adapter trimmed: 75570
bases trimmed due to adapters: 1930218

Duplication rate: 19.5997%

Insert size peak (evaluated by paired-end reads): 169

JSON report: /gpfs01/home/alysl56/projects/DMSO_HepG2_RNAseq/qc_reports/with_DMSO/SRR26298245.json
HTML report: /gpfs01/home/alysl56/projects/DMSO_HepG2_RNAseq/qc_reports/with_DMSO/SRR26298245.html

fastp -i SRR26298245_1.fastq.gz -I SRR26298245_2.fastq.gz -o /gpfs01/home/alysl56/projects/DMSO_HepG2_RNAseq/raw_data/trimmed_data/with_DMSO/SRR26298245_1.trimmed.fastq.gz -O /gpfs01/home/alysl56/projects/DMSO_HepG2_RNAseq/raw_data/trimmed_data/with_DMSO/SRR26298245_2.trimmed.fastq.gz -q 20 -u 30 -n 5 -l 50 -w 1 -h /gpfs01/home/alysl56/projects/DMSO_HepG2_RNAseq/qc_reports/with_DMSO/SRR26298245.html -j /gpfs01/home/alysl56/projects/DMSO_HepG2_RNAseq/qc_reports/with_DMSO/SRR26298245.json 
fastp v0.22.0, time used: 727 seconds
Read1 before filtering:
total reads: 37471461
total bases: 3747146100
Q20 bases: 3696532283(98.6493%)
Q30 bases: 3580855114(95.5622%)

Read2 before filtering:
total reads: 37471461
total bases: 3747146100
Q20 bases: 3699462918(98.7275%)
Q30 bases: 3574743016(95.3991%)

Read1 after filtering:
total reads: 37425083
total bases: 3741793603
Q20 bases: 3691713201(98.6616%)
Q30 bases: 3576181770(95.574%)

Read2 after filtering:
total reads: 37425083
total bases: 3741793603
Q20 bases: 3694318106(98.7312%)
Q30 bases: 3569787356(95.4031%)

Filtering result:
reads passed filter: 74850166
reads failed due to low quality: 10
reads failed due to too many N: 77638
reads failed due to too short: 15108
reads with adapter trimmed: 104608
bases trimmed due to adapters: 2347260

Duplication rate: 21.6365%

Insert size peak (evaluated by paired-end reads): 169

JSON report: /gpfs01/home/alysl56/projects/DMSO_HepG2_RNAseq/qc_reports/with_DMSO/SRR26298418.json
HTML report: /gpfs01/home/alysl56/projects/DMSO_HepG2_RNAseq/qc_reports/with_DMSO/SRR26298418.html

fastp -i SRR26298418_1.fastq.gz -I SRR26298418_2.fastq.gz -o /gpfs01/home/alysl56/projects/DMSO_HepG2_RNAseq/raw_data/trimmed_data/with_DMSO/SRR26298418_1.trimmed.fastq.gz -O /gpfs01/home/alysl56/projects/DMSO_HepG2_RNAseq/raw_data/trimmed_data/with_DMSO/SRR26298418_2.trimmed.fastq.gz -q 20 -u 30 -n 5 -l 50 -w 1 -h /gpfs01/home/alysl56/projects/DMSO_HepG2_RNAseq/qc_reports/with_DMSO/SRR26298418.html -j /gpfs01/home/alysl56/projects/DMSO_HepG2_RNAseq/qc_reports/with_DMSO/SRR26298418.json 
fastp v0.22.0, time used: 837 seconds
Read1 before filtering:
total reads: 31977996
total bases: 3197799600
Q20 bases: 3152514485(98.5839%)
Q30 bases: 3042402640(95.1405%)

Read2 before filtering:
total reads: 31977996
total bases: 3197799600
Q20 bases: 3141484703(98.2389%)
Q30 bases: 2994720381(93.6494%)

Read1 after filtering:
total reads: 31938184
total bases: 3193281400
Q20 bases: 3148451956(98.5961%)
Q30 bases: 3038475616(95.1521%)

Read2 after filtering:
total reads: 31938184
total bases: 3193281400
Q20 bases: 3137160612(98.2425%)
Q30 bases: 2990600219(93.6529%)

Filtering result:
reads passed filter: 63876368
reads failed due to low quality: 4
reads failed due to too many N: 66160
reads failed due to too short: 13460
reads with adapter trimmed: 71286
bases trimmed due to adapters: 1890696

Duplication rate: 19.6442%

Insert size peak (evaluated by paired-end reads): 169

JSON report: /gpfs01/home/alysl56/projects/DMSO_HepG2_RNAseq/qc_reports/with_DMSO/SRR26298419.json
HTML report: /gpfs01/home/alysl56/projects/DMSO_HepG2_RNAseq/qc_reports/with_DMSO/SRR26298419.html

fastp -i SRR26298419_1.fastq.gz -I SRR26298419_2.fastq.gz -o /gpfs01/home/alysl56/projects/DMSO_HepG2_RNAseq/raw_data/trimmed_data/with_DMSO/SRR26298419_1.trimmed.fastq.gz -O /gpfs01/home/alysl56/projects/DMSO_HepG2_RNAseq/raw_data/trimmed_data/with_DMSO/SRR26298419_2.trimmed.fastq.gz -q 20 -u 30 -n 5 -l 50 -w 1 -h /gpfs01/home/alysl56/projects/DMSO_HepG2_RNAseq/qc_reports/with_DMSO/SRR26298419.html -j /gpfs01/home/alysl56/projects/DMSO_HepG2_RNAseq/qc_reports/with_DMSO/SRR26298419.json 
fastp v0.22.0, time used: 725 seconds
Read1 before filtering:
total reads: 40706939
total bases: 4070693900
Q20 bases: 4006661306(98.427%)
Q30 bases: 3865927065(94.9697%)

Read2 before filtering:
total reads: 40706939
total bases: 4070693900
Q20 bases: 4000480113(98.2751%)
Q30 bases: 3828401012(94.0479%)

Read1 after filtering:
total reads: 40699293
total bases: 4069130153
Q20 bases: 4005128027(98.4271%)
Q30 bases: 3864455343(94.9701%)

Read2 after filtering:
total reads: 40699293
total bases: 4069130153
Q20 bases: 3998961919(98.2756%)
Q30 bases: 3826972608(94.0489%)

Filtering result:
reads passed filter: 81398586
reads failed due to low quality: 2
reads failed due to too many N: 28
reads failed due to too short: 15262
reads with adapter trimmed: 123188
bases trimmed due to adapters: 2523932

Duplication rate: 18.7722%

Insert size peak (evaluated by paired-end reads): 169

JSON report: /gpfs01/home/alysl56/projects/DMSO_HepG2_RNAseq/qc_reports/with_DMSO/SRR26298490.json
HTML report: /gpfs01/home/alysl56/projects/DMSO_HepG2_RNAseq/qc_reports/with_DMSO/SRR26298490.html

fastp -i SRR26298490_1.fastq.gz -I SRR26298490_2.fastq.gz -o /gpfs01/home/alysl56/projects/DMSO_HepG2_RNAseq/raw_data/trimmed_data/with_DMSO/SRR26298490_1.trimmed.fastq.gz -O /gpfs01/home/alysl56/projects/DMSO_HepG2_RNAseq/raw_data/trimmed_data/with_DMSO/SRR26298490_2.trimmed.fastq.gz -q 20 -u 30 -n 5 -l 50 -w 1 -h /gpfs01/home/alysl56/projects/DMSO_HepG2_RNAseq/qc_reports/with_DMSO/SRR26298490.html -j /gpfs01/home/alysl56/projects/DMSO_HepG2_RNAseq/qc_reports/with_DMSO/SRR26298490.json 
fastp v0.22.0, time used: 943 seconds
Read1 before filtering:
total reads: 31160232
total bases: 3116023200
Q20 bases: 3064977638(98.3618%)
Q30 bases: 2946015087(94.5441%)

Read2 before filtering:
total reads: 31160232
total bases: 3116023200
Q20 bases: 3042452985(97.639%)
Q30 bases: 2864342093(91.923%)

Read1 after filtering:
total reads: 31153977
total bases: 3114851728
Q20 bases: 3063829063(98.362%)
Q30 bases: 2944915113(94.5443%)

Read2 after filtering:
total reads: 31153977
total bases: 3114851728
Q20 bases: 3041318990(97.6393%)
Q30 bases: 2863286223(91.9237%)

Filtering result:
reads passed filter: 62307954
reads failed due to low quality: 0
reads failed due to too many N: 26
reads failed due to too short: 12484
reads with adapter trimmed: 75120
bases trimmed due to adapters: 1848604

Duplication rate: 16.2882%

Insert size peak (evaluated by paired-end reads): 169

JSON report: /gpfs01/home/alysl56/projects/DMSO_HepG2_RNAseq/qc_reports/with_DMSO/SRR26298491.json
HTML report: /gpfs01/home/alysl56/projects/DMSO_HepG2_RNAseq/qc_reports/with_DMSO/SRR26298491.html

fastp -i SRR26298491_1.fastq.gz -I SRR26298491_2.fastq.gz -o /gpfs01/home/alysl56/projects/DMSO_HepG2_RNAseq/raw_data/trimmed_data/with_DMSO/SRR26298491_1.trimmed.fastq.gz -O /gpfs01/home/alysl56/projects/DMSO_HepG2_RNAseq/raw_data/trimmed_data/with_DMSO/SRR26298491_2.trimmed.fastq.gz -q 20 -u 30 -n 5 -l 50 -w 1 -h /gpfs01/home/alysl56/projects/DMSO_HepG2_RNAseq/qc_reports/with_DMSO/SRR26298491.html -j /gpfs01/home/alysl56/projects/DMSO_HepG2_RNAseq/qc_reports/with_DMSO/SRR26298491.json 
fastp v0.22.0, time used: 702 seconds
Read1 before filtering:
total reads: 7693861
total bases: 469325521
Q20 bases: 461204504(98.2696%)
Q30 bases: 450429602(95.9738%)

Read2 before filtering:
total reads: 7693861
total bases: 469325521
Q20 bases: 460588331(98.1384%)
Q30 bases: 448838235(95.6347%)

Read1 after filtering:
total reads: 7613871
total bases: 464355694
Q20 bases: 457219648(98.4632%)
Q30 bases: 446958688(96.2535%)

Read2 after filtering:
total reads: 7613871
total bases: 464355694
Q20 bases: 457128783(98.4437%)
Q30 bases: 445943888(96.035%)

Filtering result:
reads passed filter: 15227742
reads failed due to low quality: 134886
reads failed due to too many N: 0
reads failed due to too short: 25094
reads with adapter trimmed: 59808
bases trimmed due to adapters: 681922

Duplication rate: 22.6464%

Insert size peak (evaluated by paired-end reads): 91

JSON report: /gpfs01/home/alysl56/projects/DMSO_HepG2_RNAseq/qc_reports/with_DMSO/SRR30861746.json
HTML report: /gpfs01/home/alysl56/projects/DMSO_HepG2_RNAseq/qc_reports/with_DMSO/SRR30861746.html

fastp -i SRR30861746_1.fastq.gz -I SRR30861746_2.fastq.gz -o /gpfs01/home/alysl56/projects/DMSO_HepG2_RNAseq/raw_data/trimmed_data/with_DMSO/SRR30861746_1.trimmed.fastq.gz -O /gpfs01/home/alysl56/projects/DMSO_HepG2_RNAseq/raw_data/trimmed_data/with_DMSO/SRR30861746_2.trimmed.fastq.gz -q 20 -u 30 -n 5 -l 50 -w 1 -h /gpfs01/home/alysl56/projects/DMSO_HepG2_RNAseq/qc_reports/with_DMSO/SRR30861746.html -j /gpfs01/home/alysl56/projects/DMSO_HepG2_RNAseq/qc_reports/with_DMSO/SRR30861746.json 
fastp v0.22.0, time used: 82 seconds
Read1 before filtering:
total reads: 4753139
total bases: 289941479
Q20 bases: 285009375(98.2989%)
Q30 bases: 278466611(96.0424%)

Read2 before filtering:
total reads: 4753139
total bases: 289941479
Q20 bases: 284588744(98.1539%)
Q30 bases: 277545043(95.7245%)

Read1 after filtering:
total reads: 4703515
total bases: 286837903
Q20 bases: 282531201(98.4986%)
Q30 bases: 276322040(96.3339%)

Read2 after filtering:
total reads: 4703515
total bases: 286837903
Q20 bases: 282438528(98.4663%)
Q30 bases: 275754902(96.1361%)

Filtering result:
reads passed filter: 9407030
reads failed due to low quality: 84392
reads failed due to too many N: 0
reads failed due to too short: 14856
reads with adapter trimmed: 45972
bases trimmed due to adapters: 442644

Duplication rate: 19.7548%

Insert size peak (evaluated by paired-end reads): 91

JSON report: /gpfs01/home/alysl56/projects/DMSO_HepG2_RNAseq/qc_reports/with_DMSO/SRR30861747.json
HTML report: /gpfs01/home/alysl56/projects/DMSO_HepG2_RNAseq/qc_reports/with_DMSO/SRR30861747.html

fastp -i SRR30861747_1.fastq.gz -I SRR30861747_2.fastq.gz -o /gpfs01/home/alysl56/projects/DMSO_HepG2_RNAseq/raw_data/trimmed_data/with_DMSO/SRR30861747_1.trimmed.fastq.gz -O /gpfs01/home/alysl56/projects/DMSO_HepG2_RNAseq/raw_data/trimmed_data/with_DMSO/SRR30861747_2.trimmed.fastq.gz -q 20 -u 30 -n 5 -l 50 -w 1 -h /gpfs01/home/alysl56/projects/DMSO_HepG2_RNAseq/qc_reports/with_DMSO/SRR30861747.html -j /gpfs01/home/alysl56/projects/DMSO_HepG2_RNAseq/qc_reports/with_DMSO/SRR30861747.json 
fastp v0.22.0, time used: 50 seconds
