Read1 before filtering:
total reads: 58963456
total bases: 8844518400
Q20 bases: 8598574136(97.2192%)
Q30 bases: 8192098166(92.6235%)

Read2 before filtering:
total reads: 58963456
total bases: 8844518400
Q20 bases: 8431152705(95.3263%)
Q30 bases: 7891085405(89.2201%)

Read1 after filtering:
total reads: 57161629
total bases: 8143901965
Q20 bases: 7962242719(97.7694%)
Q30 bases: 7619839651(93.565%)

Read2 after filtering:
total reads: 57161629
total bases: 8143901965
Q20 bases: 7847634462(96.3621%)
Q30 bases: 7368783123(90.4822%)

Filtering result:
reads passed filter: 114323258
reads failed due to low quality: 3560706
reads failed due to too many N: 10326
reads failed due to too short: 32622
reads with adapter trimmed: 32031810
bases trimmed due to adapters: 868798036

Duplication rate: 2.8683%

Insert size peak (evaluated by paired-end reads): 151

JSON report: /gpfs01/home/alysl56/projects/DMSO_A549_RNAseq/qc_reports/without_DMSO/SRR17260711.json
HTML report: /gpfs01/home/alysl56/projects/DMSO_A549_RNAseq/qc_reports/without_DMSO/SRR17260711.html

fastp -i SRR17260711_1.fastq.gz -I SRR17260711_2.fastq.gz -o /gpfs01/home/alysl56/projects/DMSO_A549_RNAseq/raw_data/trimmed_data/without_DMSO/SRR17260711_1.trimmed.fastq.gz -O /gpfs01/home/alysl56/projects/DMSO_A549_RNAseq/raw_data/trimmed_data/without_DMSO/SRR17260711_2.trimmed.fastq.gz -q 20 -u 30 -n 5 -l 50 -w 1 -h /gpfs01/home/alysl56/projects/DMSO_A549_RNAseq/qc_reports/without_DMSO/SRR17260711.html -j /gpfs01/home/alysl56/projects/DMSO_A549_RNAseq/qc_reports/without_DMSO/SRR17260711.json 
fastp v0.22.0, time used: 1384 seconds
Read1 before filtering:
total reads: 40652346
total bases: 6097851900
Q20 bases: 5965243007(97.8253%)
Q30 bases: 5750530209(94.3042%)

Read2 before filtering:
total reads: 40652346
total bases: 6097851900
Q20 bases: 5873423430(96.3195%)
Q30 bases: 5577613867(91.4685%)

Read1 after filtering:
total reads: 39614847
total bases: 5606318564
Q20 bases: 5510770651(98.2957%)
Q30 bases: 5331807932(95.1035%)

Read2 after filtering:
total reads: 39614847
total bases: 5606318564
Q20 bases: 5448183890(97.1793%)
Q30 bases: 5188484949(92.5471%)

Filtering result:
reads passed filter: 79229694
reads failed due to low quality: 2035618
reads failed due to too many N: 7528
reads failed due to too short: 31852
reads with adapter trimmed: 24409078
bases trimmed due to adapters: 678935182

Duplication rate: 3.75066%

Insert size peak (evaluated by paired-end reads): 141

JSON report: /gpfs01/home/alysl56/projects/DMSO_A549_RNAseq/qc_reports/without_DMSO/SRR17260712.json
HTML report: /gpfs01/home/alysl56/projects/DMSO_A549_RNAseq/qc_reports/without_DMSO/SRR17260712.html

fastp -i SRR17260712_1.fastq.gz -I SRR17260712_2.fastq.gz -o /gpfs01/home/alysl56/projects/DMSO_A549_RNAseq/raw_data/trimmed_data/without_DMSO/SRR17260712_1.trimmed.fastq.gz -O /gpfs01/home/alysl56/projects/DMSO_A549_RNAseq/raw_data/trimmed_data/without_DMSO/SRR17260712_2.trimmed.fastq.gz -q 20 -u 30 -n 5 -l 50 -w 1 -h /gpfs01/home/alysl56/projects/DMSO_A549_RNAseq/qc_reports/without_DMSO/SRR17260712.html -j /gpfs01/home/alysl56/projects/DMSO_A549_RNAseq/qc_reports/without_DMSO/SRR17260712.json 
fastp v0.22.0, time used: 929 seconds
Read1 before filtering:
total reads: 74909438
total bases: 11236415700
Q20 bases: 10975071793(97.6741%)
Q30 bases: 10551706704(93.9063%)

Read2 before filtering:
total reads: 74909438
total bases: 11236415700
Q20 bases: 10797387725(96.0928%)
Q30 bases: 10242468851(91.1542%)

Read1 after filtering:
total reads: 72787669
total bases: 10269610198
Q20 bases: 10081911817(98.1723%)
Q30 bases: 9729460955(94.7403%)

Read2 after filtering:
total reads: 72787669
total bases: 10269610198
Q20 bases: 9968740372(97.0703%)
Q30 bases: 9485502724(92.3648%)

Filtering result:
reads passed filter: 145575338
reads failed due to low quality: 4162428
reads failed due to too many N: 13868
reads failed due to too short: 67242
reads with adapter trimmed: 45998700
bases trimmed due to adapters: 1311746164

Duplication rate: 4.48702%

Insert size peak (evaluated by paired-end reads): 139

JSON report: /gpfs01/home/alysl56/projects/DMSO_A549_RNAseq/qc_reports/without_DMSO/SRR17260713.json
HTML report: /gpfs01/home/alysl56/projects/DMSO_A549_RNAseq/qc_reports/without_DMSO/SRR17260713.html

fastp -i SRR17260713_1.fastq.gz -I SRR17260713_2.fastq.gz -o /gpfs01/home/alysl56/projects/DMSO_A549_RNAseq/raw_data/trimmed_data/without_DMSO/SRR17260713_1.trimmed.fastq.gz -O /gpfs01/home/alysl56/projects/DMSO_A549_RNAseq/raw_data/trimmed_data/without_DMSO/SRR17260713_2.trimmed.fastq.gz -q 20 -u 30 -n 5 -l 50 -w 1 -h /gpfs01/home/alysl56/projects/DMSO_A549_RNAseq/qc_reports/without_DMSO/SRR17260713.html -j /gpfs01/home/alysl56/projects/DMSO_A549_RNAseq/qc_reports/without_DMSO/SRR17260713.json 
fastp v0.22.0, time used: 1740 seconds
Read1 before filtering:
total reads: 33936801
total bases: 5090520150
Q20 bases: 4978341546(97.7963%)
Q30 bases: 4792848511(94.1524%)

Read2 before filtering:
total reads: 33936801
total bases: 5090520150
Q20 bases: 4901953010(96.2957%)
Q30 bases: 4653342528(91.4119%)

Read1 after filtering:
total reads: 33078615
total bases: 4642916511
Q20 bases: 4561929976(98.2557%)
Q30 bases: 4408810944(94.9578%)

Read2 after filtering:
total reads: 33078615
total bases: 4642916511
Q20 bases: 4512238130(97.1854%)
Q30 bases: 4296781717(92.5449%)

Filtering result:
reads passed filter: 66157230
reads failed due to low quality: 1684784
reads failed due to too many N: 6228
reads failed due to too short: 25360
reads with adapter trimmed: 22189982
bases trimmed due to adapters: 643518664

Duplication rate: 3.57793%

Insert size peak (evaluated by paired-end reads): 130

JSON report: /gpfs01/home/alysl56/projects/DMSO_A549_RNAseq/qc_reports/without_DMSO/SRR17260714.json
HTML report: /gpfs01/home/alysl56/projects/DMSO_A549_RNAseq/qc_reports/without_DMSO/SRR17260714.html

fastp -i SRR17260714_1.fastq.gz -I SRR17260714_2.fastq.gz -o /gpfs01/home/alysl56/projects/DMSO_A549_RNAseq/raw_data/trimmed_data/without_DMSO/SRR17260714_1.trimmed.fastq.gz -O /gpfs01/home/alysl56/projects/DMSO_A549_RNAseq/raw_data/trimmed_data/without_DMSO/SRR17260714_2.trimmed.fastq.gz -q 20 -u 30 -n 5 -l 50 -w 1 -h /gpfs01/home/alysl56/projects/DMSO_A549_RNAseq/qc_reports/without_DMSO/SRR17260714.html -j /gpfs01/home/alysl56/projects/DMSO_A549_RNAseq/qc_reports/without_DMSO/SRR17260714.json 
fastp v0.22.0, time used: 751 seconds
Read1 before filtering:
total reads: 23461044
total bases: 2151089472
Q20 bases: 2119015366(98.5089%)
Q30 bases: 2059656662(95.7495%)

Read2 before filtering:
total reads: 23461044
total bases: 2151458041
Q20 bases: 2099478298(97.584%)
Q30 bases: 2019146083(93.8501%)

Read1 after filtering:
total reads: 22874600
total bases: 2085107455
Q20 bases: 2060959783(98.8419%)
Q30 bases: 2007063994(96.2571%)

Read2 after filtering:
total reads: 22874600
total bases: 2084814126
Q20 bases: 2049688715(98.3152%)
Q30 bases: 1976416702(94.8006%)

Filtering result:
reads passed filter: 45749200
reads failed due to low quality: 1008520
reads failed due to too many N: 10720
reads failed due to too short: 153648
reads with adapter trimmed: 4833370
bases trimmed due to adapters: 33213639

Duplication rate: 30.3244%

Insert size peak (evaluated by paired-end reads): 112

JSON report: /gpfs01/home/alysl56/projects/DMSO_A549_RNAseq/qc_reports/without_DMSO/SRR27238840.json
HTML report: /gpfs01/home/alysl56/projects/DMSO_A549_RNAseq/qc_reports/without_DMSO/SRR27238840.html

fastp -i SRR27238840_1.fastq.gz -I SRR27238840_2.fastq.gz -o /gpfs01/home/alysl56/projects/DMSO_A549_RNAseq/raw_data/trimmed_data/without_DMSO/SRR27238840_1.trimmed.fastq.gz -O /gpfs01/home/alysl56/projects/DMSO_A549_RNAseq/raw_data/trimmed_data/without_DMSO/SRR27238840_2.trimmed.fastq.gz -q 20 -u 30 -n 5 -l 50 -w 1 -h /gpfs01/home/alysl56/projects/DMSO_A549_RNAseq/qc_reports/without_DMSO/SRR27238840.html -j /gpfs01/home/alysl56/projects/DMSO_A549_RNAseq/qc_reports/without_DMSO/SRR27238840.json 
fastp v0.22.0, time used: 358 seconds
Read1 before filtering:
total reads: 22904797
total bases: 2094605677
Q20 bases: 2065106429(98.5917%)
Q30 bases: 2009867872(95.9545%)

Read2 before filtering:
total reads: 22904797
total bases: 2095061143
Q20 bases: 2045517961(97.6352%)
Q30 bases: 1966345645(93.8562%)

Read1 after filtering:
total reads: 22330098
total bases: 2027794973
Q20 bases: 2005650935(98.908%)
Q30 bases: 1955424075(96.4311%)

Read2 after filtering:
total reads: 22330098
total bases: 2027580201
Q20 bases: 1993495046(98.3189%)
Q30 bases: 1920929514(94.74%)

Filtering result:
reads passed filter: 44660196
reads failed due to low quality: 941232
reads failed due to too many N: 11186
reads failed due to too short: 196980
reads with adapter trimmed: 5650978
bases trimmed due to adapters: 39316548

Duplication rate: 32.3391%

Insert size peak (evaluated by paired-end reads): 103

JSON report: /gpfs01/home/alysl56/projects/DMSO_A549_RNAseq/qc_reports/without_DMSO/SRR27238841.json
HTML report: /gpfs01/home/alysl56/projects/DMSO_A549_RNAseq/qc_reports/without_DMSO/SRR27238841.html

fastp -i SRR27238841_1.fastq.gz -I SRR27238841_2.fastq.gz -o /gpfs01/home/alysl56/projects/DMSO_A549_RNAseq/raw_data/trimmed_data/without_DMSO/SRR27238841_1.trimmed.fastq.gz -O /gpfs01/home/alysl56/projects/DMSO_A549_RNAseq/raw_data/trimmed_data/without_DMSO/SRR27238841_2.trimmed.fastq.gz -q 20 -u 30 -n 5 -l 50 -w 1 -h /gpfs01/home/alysl56/projects/DMSO_A549_RNAseq/qc_reports/without_DMSO/SRR27238841.html -j /gpfs01/home/alysl56/projects/DMSO_A549_RNAseq/qc_reports/without_DMSO/SRR27238841.json 
fastp v0.22.0, time used: 348 seconds
Read1 before filtering:
total reads: 18651908
total bases: 1691505838
Q20 bases: 1666707466(98.5339%)
Q30 bases: 1621330111(95.8513%)

Read2 before filtering:
total reads: 18651908
total bases: 1692280563
Q20 bases: 1657251446(97.9301%)
Q30 bases: 1599519787(94.5186%)

Read1 after filtering:
total reads: 18155065
total bases: 1630920912
Q20 bases: 1612061132(98.8436%)
Q30 bases: 1570912835(96.3206%)

Read2 after filtering:
total reads: 18155065
total bases: 1630715013
Q20 bases: 1606659028(98.5248%)
Q30 bases: 1553870174(95.2877%)

Filtering result:
reads passed filter: 36310130
reads failed due to low quality: 662208
reads failed due to too many N: 11284
reads failed due to too short: 320194
reads with adapter trimmed: 6794910
bases trimmed due to adapters: 48391716

Duplication rate: 31.1528%

Insert size peak (evaluated by paired-end reads): 92

JSON report: /gpfs01/home/alysl56/projects/DMSO_A549_RNAseq/qc_reports/without_DMSO/SRR27238842.json
HTML report: /gpfs01/home/alysl56/projects/DMSO_A549_RNAseq/qc_reports/without_DMSO/SRR27238842.html

fastp -i SRR27238842_1.fastq.gz -I SRR27238842_2.fastq.gz -o /gpfs01/home/alysl56/projects/DMSO_A549_RNAseq/raw_data/trimmed_data/without_DMSO/SRR27238842_1.trimmed.fastq.gz -O /gpfs01/home/alysl56/projects/DMSO_A549_RNAseq/raw_data/trimmed_data/without_DMSO/SRR27238842_2.trimmed.fastq.gz -q 20 -u 30 -n 5 -l 50 -w 1 -h /gpfs01/home/alysl56/projects/DMSO_A549_RNAseq/qc_reports/without_DMSO/SRR27238842.html -j /gpfs01/home/alysl56/projects/DMSO_A549_RNAseq/qc_reports/without_DMSO/SRR27238842.json 
fastp v0.22.0, time used: 279 seconds
Read1 before filtering:
total reads: 37978501
total bases: 3835828601
Q20 bases: 3769591992(98.2732%)
Q30 bases: 3644234948(95.0052%)

Read2 before filtering:
total reads: 37978501
total bases: 3835828601
Q20 bases: 3726834184(97.1585%)
Q30 bases: 3558437322(92.7684%)

Read1 after filtering:
total reads: 37254553
total bases: 3755654604
Q20 bases: 3700777611(98.5388%)
Q30 bases: 3584112912(95.4324%)

Read2 after filtering:
total reads: 37254553
total bases: 3755654604
Q20 bases: 3676477740(97.8918%)
Q30 bases: 3519309345(93.7069%)

Filtering result:
reads passed filter: 74509106
reads failed due to low quality: 1413614
reads failed due to too many N: 2948
reads failed due to too short: 31334
reads with adapter trimmed: 1189644
bases trimmed due to adapters: 16087404

Duplication rate: 19.1313%

Insert size peak (evaluated by paired-end reads): 166

JSON report: /gpfs01/home/alysl56/projects/DMSO_A549_RNAseq/qc_reports/without_DMSO/SRR31847362.json
HTML report: /gpfs01/home/alysl56/projects/DMSO_A549_RNAseq/qc_reports/without_DMSO/SRR31847362.html

fastp -i SRR31847362_1.fastq.gz -I SRR31847362_2.fastq.gz -o /gpfs01/home/alysl56/projects/DMSO_A549_RNAseq/raw_data/trimmed_data/without_DMSO/SRR31847362_1.trimmed.fastq.gz -O /gpfs01/home/alysl56/projects/DMSO_A549_RNAseq/raw_data/trimmed_data/without_DMSO/SRR31847362_2.trimmed.fastq.gz -q 20 -u 30 -n 5 -l 50 -w 1 -h /gpfs01/home/alysl56/projects/DMSO_A549_RNAseq/qc_reports/without_DMSO/SRR31847362.html -j /gpfs01/home/alysl56/projects/DMSO_A549_RNAseq/qc_reports/without_DMSO/SRR31847362.json 
fastp v0.22.0, time used: 638 seconds
Read1 before filtering:
total reads: 37940528
total bases: 3831993328
Q20 bases: 3766724497(98.2967%)
Q30 bases: 3640781224(95.0101%)

Read2 before filtering:
total reads: 37940528
total bases: 3831993328
Q20 bases: 3731299556(97.3723%)
Q30 bases: 3563469863(92.9926%)

Read1 after filtering:
total reads: 37380821
total bases: 3771797994
Q20 bases: 3716314644(98.529%)
Q30 bases: 3597753961(95.3856%)

Read2 after filtering:
total reads: 37380821
total bases: 3771797994
Q20 bases: 3691259616(97.8647%)
Q30 bases: 3532061678(93.644%)

Filtering result:
reads passed filter: 74761642
reads failed due to low quality: 1093408
reads failed due to too many N: 3020
reads failed due to too short: 22986
reads with adapter trimmed: 658644
bases trimmed due to adapters: 8787438

Duplication rate: 20.7386%

Insert size peak (evaluated by paired-end reads): 170

JSON report: /gpfs01/home/alysl56/projects/DMSO_A549_RNAseq/qc_reports/without_DMSO/SRR31847363.json
HTML report: /gpfs01/home/alysl56/projects/DMSO_A549_RNAseq/qc_reports/without_DMSO/SRR31847363.html

fastp -i SRR31847363_1.fastq.gz -I SRR31847363_2.fastq.gz -o /gpfs01/home/alysl56/projects/DMSO_A549_RNAseq/raw_data/trimmed_data/without_DMSO/SRR31847363_1.trimmed.fastq.gz -O /gpfs01/home/alysl56/projects/DMSO_A549_RNAseq/raw_data/trimmed_data/without_DMSO/SRR31847363_2.trimmed.fastq.gz -q 20 -u 30 -n 5 -l 50 -w 1 -h /gpfs01/home/alysl56/projects/DMSO_A549_RNAseq/qc_reports/without_DMSO/SRR31847363.html -j /gpfs01/home/alysl56/projects/DMSO_A549_RNAseq/qc_reports/without_DMSO/SRR31847363.json 
fastp v0.22.0, time used: 639 seconds
Read1 before filtering:
total reads: 37816816
total bases: 3819498416
Q20 bases: 3755278823(98.3186%)
Q30 bases: 3630944966(95.0634%)

Read2 before filtering:
total reads: 37816816
total bases: 3819498416
Q20 bases: 3725171205(97.5304%)
Q30 bases: 3563627479(93.3009%)

Read1 after filtering:
total reads: 37305463
total bases: 3763172969
Q20 bases: 3708159843(98.5381%)
Q30 bases: 3590668549(95.416%)

Read2 after filtering:
total reads: 37305463
total bases: 3763172969
Q20 bases: 3686795405(97.9704%)
Q30 bases: 3533169669(93.888%)

Filtering result:
reads passed filter: 74610926
reads failed due to low quality: 998988
reads failed due to too many N: 2914
reads failed due to too short: 20804
reads with adapter trimmed: 884634
bases trimmed due to adapters: 10683476

Duplication rate: 21.0028%

Insert size peak (evaluated by paired-end reads): 169

JSON report: /gpfs01/home/alysl56/projects/DMSO_A549_RNAseq/qc_reports/without_DMSO/SRR31847364.json
HTML report: /gpfs01/home/alysl56/projects/DMSO_A549_RNAseq/qc_reports/without_DMSO/SRR31847364.html

fastp -i SRR31847364_1.fastq.gz -I SRR31847364_2.fastq.gz -o /gpfs01/home/alysl56/projects/DMSO_A549_RNAseq/raw_data/trimmed_data/without_DMSO/SRR31847364_1.trimmed.fastq.gz -O /gpfs01/home/alysl56/projects/DMSO_A549_RNAseq/raw_data/trimmed_data/without_DMSO/SRR31847364_2.trimmed.fastq.gz -q 20 -u 30 -n 5 -l 50 -w 1 -h /gpfs01/home/alysl56/projects/DMSO_A549_RNAseq/qc_reports/without_DMSO/SRR31847364.html -j /gpfs01/home/alysl56/projects/DMSO_A549_RNAseq/qc_reports/without_DMSO/SRR31847364.json 
fastp v0.22.0, time used: 633 seconds
